
ROM used:   1602/131056 (1%)
            2052/131056 (2%) including unused fragments

            0.9 Average locations per line
            23.6 Average locations per statement

RAM used:   73/3578 (2%) at main() level
            132/3578 (4%) worst case

Stack used: 3 worst case (2 in main + 1 for interrupts)
Stack size: 31

Lines Stmts  %   Files
----- ----- ---  -----
   36     9  13  main.c
   10     0   0  main.h
 1420     0   0  ..\..\..\..\..\..\..\..\Program Files (x86)\PICC\Devices\18F67J94.h
  107     0   0  bootloader.h
  276    59  87  loader.c
----- -----
 1849    68 Total

Page ROM  %  RAM    Vol Diff  Functions:
---- --- --- ---    --- ----  ----------
0     30   1    7             @READ_PROGRAM_MEMORY
0     30   1    0             @FLASHWR
0     86   3    7             @WRITE_PROGRAM_MEMORY
0     66   2    1             @PUTCHAR_1_
0     72   2    1             @GETCH_1_
0    882  28   54   4930 13.7  real_load_program
0    102   3    7    108  3.3  @WRITE_PROGRAM_MEMORY16
0    102   3    5    368  7.0  atoi_b16
0      6   0    0     16  1.0  load_program
0     22   1    0    108  3.3  isr
0      4   0    0     20  1.3  application
0    120   4    0     92  1.8  MAIN
0     20   1    0             @const861
0     40   1    3             @PSTRINGC_824
0     14   0    0    108  3.3  @const866
 Inline         0             @cinit1

Program metrics:
    Functions               8
    Statements              68
    Comments                330
    Volume (V)              6834
    Difficulty (D)          37.1
    Effort to implement (E) 253799
    Time to implement (T)   3 hours, 55 minutes
    Est Delivered Bugs (B)  1
    Cyclomatic Complexity   16
    Maintainability (MI)    76

 Segment     Used  Free
-----------  ----  ----
00000-00006     6  2  
00008-0001C    22  0  
0001E-007FE  1570  448  
00800-00802     4  0  
00804-0FFFE     0  63484  
10000-1FFEE     0  65520  



