
ROM used:   162/131056 (0%)
            162/131056 (0%) including unused fragments

            0.1 Average locations per line
            27.0 Average locations per statement

RAM used:   5/3578 (0%) at main() level
            6/3578 (0%) worst case

Stack used: 0 worst case (0 in main + 0 for interrupts)
Stack size: 31

Lines Stmts  %   Files
----- ----- ---  -----
   19     6 100  blink.c
    7     0   0  blink.h
 1420     0   0  ..\..\..\..\..\..\..\..\Program Files (x86)\PICC\Devices\18F67J94.h
----- -----
 1446     6 Total

Page ROM  %  RAM    Vol Diff  Functions:
---- --- --- ---    --- ----  ----------
0     40  12    1             @delay_ms1
0    116  36    1     86  1.6  main
 Inline         0             @cinit1

Program metrics:
    Functions               1
    Statements              6
    Comments                266
    Volume (V)              90
    Difficulty (D)          1.4
    Effort to implement (E) 125
    Time to implement (T)   0 minutes
    Est Delivered Bugs (B)  0
    Cyclomatic Complexity   1
    Maintainability (MI)    125

 Segment     Used  Free
-----------  ----  ----
00000-00004     6  0  
00006-0FFFE   156  65374  
10000-1FFEE     0  65520  



