=~=~=~=~=~=~=~=~=~=~=~= PuTTY log 2019.09.12 23:04:44 =~=~=~=~=~=~=~=~=~=~=~=
login as: root
Pre-authentication banner message from server:
| Debian GNU/Linux 8
| 
| BeagleBoard.org Debian Image 2017-01-19
| 
| Support/FAQ: http://elinux.org/Beagleboard:BeagleBoneBlack_Debian
| 
| default username:password is [debian:temppwd]
| 
End of banner message from server
Last login: Thu Sep 12 14:02:02 2019 from 192.168.7.1
root@beaglebone:~# cd codes/p maisunmonowar/pcode/pyt/
root@beaglebone:~/codes/maisunmonowar/pcode/pyt# m pythong BBBBootloader.py
-bash: pythong: command not found
root@beaglebone:~/codes/maisunmonowar/pcode/pyt# pythong BBBBootloader.pyg
bootloader mode selected
list loading done.

Number of lines: 
37

Serial is Open

Feed, 



Feed, 



Feed, 



Feed, 
C!V 1



Feed, 




Feed, 
downloading


:0606800080310A2C00008D

:0606800080310A2C00008D

:0606800080310A2C00008D

Stop
Send
:0606800080310A2C00008D

:0606800080310A2C00008D

:0606800080310A2C00008D

Stop
ACK
Send
:080688000D057619A012B33A2A

:080688000D057619A012B33A2A

Stop
ACK
Send
:1006900020002030850002308400000803195D2B03

:1006900020002030850002308400000803195D2B03

Stop
ACK
Send
:1006A0000230F800F701F70B532BF80B522B973061

Stop
ACK
Send
:1006B000F700F70B592B800B502B80311D2C0B08AA

:1006B000F700F70B592B800B502B80311D2C0B08AA

Stop
ACK
Send
:1006C0008B1323009517151400000000891B8B174E

Stop
ACK
Send
:1006D0000318932B13087F392000A500230011086D

:1006D0000318932B13087F392000A500230011086D

Stop
ACK
Send
:1006E0002000A600230012082000A7002508111EE4

Stop
ACK
Send
:1006F000772B23009A002000260823009100200079

:1006F000772B23009A002000260823009100200079

Stop
ACK
Send
:100700002708230092000B088B139517151400007F

Stop
ACK
Send
:100710000000891B8B172000A20B8F2B912B23002D

:100710000000891B8B172000A20B8F2B912B23002D

Stop
ACK
Send
:10072000932BB42B2300130D140D7F392000A5004B

Stop
ACK
Send
:10073000230011082000A600230012082000A700B3

:10073000230011082000A600230012082000A700B3

Stop
ACK
Send
:100740002508111EA12B23009A0020002608230053

Stop
ACK
Send
:1007500091002000270823009200910A0319920AB1

:1007500091002000270823009200910A0319920AB1

Stop
ACK
Send
:1007600003102000A20B5F2B8031282C2508F801F4

Stop
ACK
Send
:1007700024020318BE2B2408F700CA2BF701083007

:1007700024020318BE2B2408F700CA2BF701083007

Stop
ACK
Send
:10078000A600A40DF70D250877020318F700F80D51

Stop
ACK
Send
:10079000A60BC12B080078082208A4006430A5002D

Stop
ACK
Send
:1007A000B6237708A20078083030031DDE2BA31C87

:1007A000B6237708A20078083030031DDE2BA31C87

Stop
Send
:1007A000B6237708A20078083030031DDE2BA31C87

Stop
ACK
Send
:1007B000E82BA319E82B231A2030E12BA3112312D5

:1007B000E82BA319E82B231A2030E12BA3112312D5

Stop
ACK
Send
:1007C0002314F8077808111EE32B23009A00200059

Stop
ACK
Send
:1007D0002208A4000A30A500B6237708A2007808F2

:1007D0002208A4000A30A500B6237708A2007808F2

Stop
ACK
Send
:1007E0003030031DF92BA319002C231C002C231AD5

Stop
ACK
Send
:1007F0002030F8077808111EFB2B23009A002000F8

:1007F0002030F8077808111EFB2B23009A002000F8

Stop
ACK
Send
:100800003030A2072208111E032C23009A008031E9

Stop
ACK
Send
:1008100020002D2C23009F110C309B00A2309E0045

:1008100020002D2C23009F110C309B00A2309E0045

Stop
ACK
Send
:1008200090309D008C018D018F019001220092017A

Stop
ACK
Send
:10083000910164302000A200492BA10A443023001A

:10083000910164302000A200492BA10A443023001A

Stop
ACK
Send
:10084000910003309200031005302000A2005F2BBE

Stop
ACK
Send
:100850002108A2001330A300CB2B2030111E2E2C18

:100850002108A2001330A300CB2B2030111E2E2C18

Stop
ACK
Send
:0E08600023009A0020001D2C2200192C63009A

Stop
ACK
Send
:020000040001F9

:020000040001F9

:020000040001F9

:020000040001F9

Stop
ACK
Send
:04000E00C23FFF1ED0

:04000E00C23FFF1ED0

:04000E00C23FFF1ED0

Stop
ACK
Send
:00000001FF

:00000001FF

:00000001FF

:00000001FF

:00000001FF

:00000001FF

Stop
ACK
Send
;PIC16F1787

;PIC16F1787

;PIC16F1787

;PIC16F1787

;PIC16F1787

Stop
ACK
Send
;CRC=7161  CREATED="28-Aug-19 19:05"

;CRC=7161  CREATED="28-Aug-19 19:05"

Stop
ACK

 Sending done

process took, 
41.3412001133
 seconds

fail count 37
end
root@beaglebone:~/codes/maisunmonowar/pcode/pyt# exit
logout
